<?xml version="1.0" encoding="UTF-8"?>
<!-- Generated by org.testng.reporters.JUnitReportReporter -->
<testsuite hostname="DESKTOP-458A53K" failures="0" tests="2" name="qaclickacademy.AppiumTest" time="0.002" errors="0" timestamp="2020-05-11T14:09:18 COT" skipped="0">
  <testcase classname="qaclickacademy.AppiumTest" name="IOSApps" time="0.002"/>
  <system-out/>
  <testcase classname="qaclickacademy.AppiumTest" name="NativeAPpAndroid" time="0.000"/>
  <system-out/>
</testsuite> <!-- qaclickacademy.AppiumTest -->
